<?xml version="1.0" encoding="UTF-8"?>
<!-- Generated by org.testng.reporters.JUnitReportReporter -->
<testsuite hostname="praneethvm" failures="0" tests="1" name="cucumber.TestNGTestRunner" time="10.260" errors="0" timestamp="2024-10-08T18:53:22 IST" skipped="0">
  <testcase classname="cucumber.TestNGTestRunner" name="runScenario" time="10.260"/>
</testsuite> <!-- cucumber.TestNGTestRunner -->
