<?xml version="1.0" encoding="UTF-8"?>
<!-- Generated by org.testng.reporters.JUnitReportReporter -->
<testsuite hostname="praneethvm" failures="0" tests="3" name="rahulshettyacademy.tests.SubmitOrderTest" time="33.439" errors="0" timestamp="2024-07-23T13:25:38 IST" skipped="0">
  <testcase classname="rahulshettyacademy.tests.SubmitOrderTest" name="submitOrder" time="14.146"/>
  <testcase classname="rahulshettyacademy.tests.SubmitOrderTest" name="submitOrder" time="12.004"/>
  <testcase classname="rahulshettyacademy.tests.SubmitOrderTest" name="OrderHistoryTest" time="7.289"/>
</testsuite> <!-- rahulshettyacademy.tests.SubmitOrderTest -->
