<?xml version="1.0" encoding="UTF-8"?>
<!-- Generated by org.testng.reporters.JUnitReportReporter -->
<testsuite hostname="praneethvm" failures="0" tests="3" name="rahulshettyacademy.tests.SubmitOrderTest" time="28.163" errors="0" timestamp="2024-07-30T16:19:39 IST" skipped="0">
  <testcase classname="rahulshettyacademy.tests.SubmitOrderTest" name="submitOrder" time="9.987"/>
  <testcase classname="rahulshettyacademy.tests.SubmitOrderTest" name="OrderHistoryTest" time="6.661"/>
  <testcase classname="rahulshettyacademy.tests.SubmitOrderTest" name="submitOrder" time="11.515"/>
</testsuite> <!-- rahulshettyacademy.tests.SubmitOrderTest -->
